<?xml version="1.0" encoding="UTF-8"?>
<!-- Generated by org.testng.reporters.JUnitReportReporter -->
<testsuite skipped="0" hostname="acer" name="Selenium.Datadriven" tests="2" failures="0" timestamp="08 Apr 2018 16:47:11 GMT" time="108.206" errors="0">
  <testcase name="datadriven" time="67.583" classname="Selenium.Datadriven"/>
  <testcase name="datadriven" time="40.623" classname="Selenium.Datadriven"/>
</testsuite> <!-- Selenium.Datadriven -->
