<?xml version="1.0" encoding="UTF-8"?>
<!-- Generated by org.testng.reporters.JUnitReportReporter -->
<testsuite skipped="0" hostname="acer" name="Selenium.LoginFB" tests="1" failures="0" timestamp="25 Mar 2018 18:21:03 GMT" time="43.862" errors="0">
  <testcase name="FacebookloginTest" time="43.862" classname="Selenium.LoginFB"/>
</testsuite> <!-- Selenium.LoginFB -->
