<?xml version="1.0" encoding="UTF-8"?>
<!-- Generated by org.testng.reporters.JUnitReportReporter -->
<testsuite skipped="0" hostname="acer" name="Selenium.TestNGOpenBrowser" tests="3" failures="0" timestamp="25 Mar 2018 17:26:05 GMT" time="65.626" errors="0">
  <testcase name="pageTiteVerifyTest" time="10.263" classname="Selenium.TestNGOpenBrowser"/>
  <testcase name="pageElementsVerifyTest" time="10.319" classname="Selenium.TestNGOpenBrowser"/>
  <testcase name="EnterLoginDetailsTest" time="45.044" classname="Selenium.TestNGOpenBrowser"/>
</testsuite> <!-- Selenium.TestNGOpenBrowser -->
